[2013-01-17 13:38:54] INFO  WEBrick 1.3.1
[2013-01-17 13:38:54] INFO  ruby 1.9.3 (2012-04-20) [i686-linux]
[2013-01-17 13:38:54] WARN  TCPServer Error: Address already in use - bind(2)
/usr/lib/ruby/1.9.1/webrick/utils.rb:85:in `initialize': Address already in use - bind(2) (Errno::EADDRINUSE)
	from /usr/lib/ruby/1.9.1/webrick/utils.rb:85:in `new'
	from /usr/lib/ruby/1.9.1/webrick/utils.rb:85:in `block in create_listeners'
	from /usr/lib/ruby/1.9.1/webrick/utils.rb:82:in `each'
	from /usr/lib/ruby/1.9.1/webrick/utils.rb:82:in `create_listeners'
	from /usr/lib/ruby/1.9.1/webrick/server.rb:82:in `listen'
	from /usr/lib/ruby/1.9.1/webrick/server.rb:70:in `initialize'
	from /usr/lib/ruby/1.9.1/webrick/httpserver.rb:45:in `initialize'
	from /var/lib/gems/1.9.1/gems/rack-1.4.1/lib/rack/handler/webrick.rb:10:in `new'
	from /var/lib/gems/1.9.1/gems/rack-1.4.1/lib/rack/handler/webrick.rb:10:in `run'
	from /var/lib/gems/1.9.1/gems/rack-1.4.1/lib/rack/server.rb:265:in `start'
	from /var/lib/gems/1.9.1/gems/railties-3.2.10/lib/rails/commands/server.rb:70:in `start'
	from /var/lib/gems/1.9.1/gems/railties-3.2.10/lib/rails/commands.rb:55:in `block in <top (required)>'
	from /var/lib/gems/1.9.1/gems/railties-3.2.10/lib/rails/commands.rb:50:in `tap'
	from /var/lib/gems/1.9.1/gems/railties-3.2.10/lib/rails/commands.rb:50:in `<top (required)>'
	from script/rails:6:in `require'
	from script/rails:6:in `<main>'
=> Booting WEBrick
=> Rails 3.2.10 application starting in development on http://0.0.0.0:3000
=> Call with -d to detach
=> Ctrl-C to shutdown server
Exiting
